Using pre-set license

 COMMAND LINE ARGUMENTS:
/Applications/Unity/Hub/Editor/2020.3.5f1/Unity.app/Contents/MacOS/Unity
-adb2
-batchMode
-noUpm
-name
AssetImportWorker0
-projectPath
/Users/kennethzhang/Desktop/GameProjects/Experienmenting
-logFile
Logs/AssetImportWorker0.log
-srvPort
55785
Successfully changed project path to: /Users/kennethzhang/Desktop/GameProjects/Experienmenting
/Users/kennethzhang/Desktop/GameProjects/Experienmenting
Using Asset Import Pipeline V2.
Refreshing native plugins compatible for Editor in 41.46 ms, found 1 plugins.
Preloading 0 native plugins for Editor in 0.00 ms.
Initialize engine version: 2020.3.5f1 (8095aa901b9b)
[Subsystems] Discovering subsystems at path /Applications/Unity/Hub/Editor/2020.3.5f1/Unity.app/Contents/Resources/UnitySubsystems
[Subsystems] Discovering subsystems at path /Users/kennethzhang/Desktop/GameProjects/Experienmenting/Assets
GfxDevice: creating device client; threaded=0
2022-05-26 13:52:47.496 Unity[46670:1181627] Color LCD preferred device: Intel(R) UHD Graphics 617 (low power)
2022-05-26 13:52:47.496 Unity[46670:1181627] Metal devices available: 1
2022-05-26 13:52:47.496 Unity[46670:1181627] 0: Intel(R) UHD Graphics 617 (low power)
2022-05-26 13:52:47.498 Unity[46670:1181627] Using device Intel(R) UHD Graphics 617 (low power)
Initializing Metal device caps: Intel(R) UHD Graphics 617
Initialize mono
Mono path[0] = '/Applications/Unity/Hub/Editor/2020.3.5f1/Unity.app/Contents/Managed'
Mono path[1] = '/Applications/Unity/Hub/Editor/2020.3.5f1/Unity.app/Contents/MonoBleedingEdge/lib/mono/unityjit'
Mono config path = '/Applications/Unity/Hub/Editor/2020.3.5f1/Unity.app/Contents/MonoBleedingEdge/etc'
Using monoOptions --debugger-agent=transport=dt_socket,embedding=1,server=y,suspend=n,address=127.0.0.1:56670
Begin MonoManager ReloadAssembly
Registering precompiled unity dll's ...
Register platform support module: /Applications/Unity/Hub/Editor/2020.3.5f1/PlaybackEngines/WebGLSupport/UnityEditor.WebGL.Extensions.dll
Register platform support module: /Applications/Unity/Hub/Editor/2020.3.5f1/Unity.app/Contents/PlaybackEngines/MacStandaloneSupport/UnityEditor.OSXStandalone.Extensions.dll
Registered in 0.004341 seconds.
Native extension for OSXStandalone target not found
Native extension for WebGL target not found
Refreshing native plugins compatible for Editor in 34.62 ms, found 1 plugins.
Preloading 0 native plugins for Editor in 0.00 ms.
Mono: successfully reloaded assembly
- Completed reload, in  1.922 seconds
Platform modules already initialized, skipping
Registering precompiled user dll's ...
Registered in 0.001225 seconds.
Begin MonoManager ReloadAssembly
Native extension for OSXStandalone target not found
Native extension for WebGL target not found
Refreshing native plugins compatible for Editor in 0.30 ms, found 1 plugins.
Preloading 0 native plugins for Editor in 0.00 ms.
Mono: successfully reloaded assembly
- Completed reload, in  1.616 seconds
Platform modules already initialized, skipping
========================================================================
Worker process is ready to serve import requests
Launching external process: /Applications/Unity/Hub/Editor/2020.3.5f1/Unity.app/Contents/Tools/UnityShaderCompiler
Launched and connected shader compiler UnityShaderCompiler after 0.02 seconds
Refreshing native plugins compatible for Editor in 0.24 ms, found 1 plugins.
Preloading 0 native plugins for Editor in 0.00 ms.
Unloading 1115 Unused Serialized files (Serialized files now loaded: 0)
System memory in use before: 109.5 MB.
System memory in use after: 109.5 MB.

Unloading 10 unused Assets to reduce memory usage. Loaded Objects now: 1557.
Total: 3.801204 ms (FindLiveObjects: 0.318092 ms CreateObjectMapping: 0.113644 ms MarkObjects: 3.163839 ms  DeleteObjects: 0.203124 ms)

========================================================================
Received Import Request.
  path: Assets/Scenes/SampleScene.unity
  artifactKey: Guid(9fc0d4010bbf28b4594072e72b8655ab) Importer(815301076,1909f56bfc062723c751e8b465ee728b)
Start importing Assets/Scenes/SampleScene.unity using Guid(9fc0d4010bbf28b4594072e72b8655ab) Importer(815301076,1909f56bfc062723c751e8b465ee728b)  -> (artifact id: '02a2e40e81d35f9ada7821be9923d9eb') in 0.020283 seconds
  Import took 0.024433 seconds .

========================================================================
Received Import Request.
  Time since last request: 893.604679 seconds.
  path: Assets/Car.prefab
  artifactKey: Guid(56dbe0583c1644be8a54c2979fb941c0) Importer(815301076,1909f56bfc062723c751e8b465ee728b)
Start importing Assets/Car.prefab using Guid(56dbe0583c1644be8a54c2979fb941c0) Importer(815301076,1909f56bfc062723c751e8b465ee728b)  -> (artifact id: 'fecbac30039b7101ca0693c450cff169') in 1.137570 seconds
  Import took 1.160462 seconds .

========================================================================
Received Import Request.
  Time since last request: 73.093109 seconds.
  path: Assets/Car.prefab
  artifactKey: Guid(56dbe0583c1644be8a54c2979fb941c0) Importer(815301076,1909f56bfc062723c751e8b465ee728b)
Start importing Assets/Car.prefab using Guid(56dbe0583c1644be8a54c2979fb941c0) Importer(815301076,1909f56bfc062723c751e8b465ee728b)  -> (artifact id: 'ac8404898aff0d25f7322a87ea74e5e6') in 0.096080 seconds
  Import took 0.101150 seconds .

========================================================================
Received Import Request.
  Time since last request: 329.328952 seconds.
  path: Assets/Man.prefab
  artifactKey: Guid(fbe0ffeb713044cc187eafad96e7f86b) Importer(815301076,1909f56bfc062723c751e8b465ee728b)
Start importing Assets/Man.prefab using Guid(fbe0ffeb713044cc187eafad96e7f86b) Importer(815301076,1909f56bfc062723c751e8b465ee728b)  -> (artifact id: 'cd4a979cb0da1a7119b035db30ee9b71') in 0.022828 seconds
  Import took 0.027217 seconds .

========================================================================
Received Import Request.
  Time since last request: 235.693260 seconds.
  path: Assets/PrintToConsole.cs
  artifactKey: Guid(7f40bd78b5fc747129dca45f6c2a0ab9) Importer(815301076,1909f56bfc062723c751e8b465ee728b)
Start importing Assets/PrintToConsole.cs using Guid(7f40bd78b5fc747129dca45f6c2a0ab9) Importer(815301076,1909f56bfc062723c751e8b465ee728b)  -> (artifact id: '874473f54f2f1d377fd79059063f57d2') in 0.382170 seconds
  Import took 0.385829 seconds .

========================================================================
Received Prepare
Registering precompiled user dll's ...
Registered in 0.000447 seconds.
Begin MonoManager ReloadAssembly
Native extension for OSXStandalone target not found
Native extension for WebGL target not found
Refreshing native plugins compatible for Editor in 0.23 ms, found 1 plugins.
Preloading 0 native plugins for Editor in 0.00 ms.
Mono: successfully reloaded assembly
- Completed reload, in  1.447 seconds
Platform modules already initialized, skipping
Refreshing native plugins compatible for Editor in 0.40 ms, found 1 plugins.
Preloading 0 native plugins for Editor in 0.00 ms.
Unloading 1111 Unused Serialized files (Serialized files now loaded: 0)
System memory in use before: 118.9 MB.
System memory in use after: 119.0 MB.

Unloading 6 unused Assets to reduce memory usage. Loaded Objects now: 1571.
Total: 2.749967 ms (FindLiveObjects: 0.304030 ms CreateObjectMapping: 0.073369 ms MarkObjects: 2.291127 ms  DeleteObjects: 0.076979 ms)

========================================================================
Received Prepare
Registering precompiled user dll's ...
Registered in 0.000478 seconds.
Begin MonoManager ReloadAssembly
Native extension for OSXStandalone target not found
Native extension for WebGL target not found
Refreshing native plugins compatible for Editor in 0.25 ms, found 1 plugins.
Preloading 0 native plugins for Editor in 0.00 ms.
Mono: successfully reloaded assembly
- Completed reload, in  1.320 seconds
Platform modules already initialized, skipping
Refreshing native plugins compatible for Editor in 0.28 ms, found 1 plugins.
Preloading 0 native plugins for Editor in 0.00 ms.
Unloading 1111 Unused Serialized files (Serialized files now loaded: 0)
System memory in use before: 119.1 MB.
System memory in use after: 119.2 MB.

Unloading 5 unused Assets to reduce memory usage. Loaded Objects now: 1574.
Total: 3.389197 ms (FindLiveObjects: 0.202490 ms CreateObjectMapping: 0.092431 ms MarkObjects: 2.999504 ms  DeleteObjects: 0.092663 ms)

========================================================================
Received Prepare
Registering precompiled user dll's ...
Registered in 0.000545 seconds.
Begin MonoManager ReloadAssembly
Native extension for OSXStandalone target not found
Native extension for WebGL target not found
Refreshing native plugins compatible for Editor in 0.24 ms, found 1 plugins.
Preloading 0 native plugins for Editor in 0.00 ms.
Mono: successfully reloaded assembly
- Completed reload, in  1.351 seconds
Platform modules already initialized, skipping
Refreshing native plugins compatible for Editor in 0.23 ms, found 1 plugins.
Preloading 0 native plugins for Editor in 0.00 ms.
Unloading 1111 Unused Serialized files (Serialized files now loaded: 0)
System memory in use before: 119.3 MB.
System memory in use after: 119.4 MB.

Unloading 5 unused Assets to reduce memory usage. Loaded Objects now: 1577.
Total: 2.469563 ms (FindLiveObjects: 0.378147 ms CreateObjectMapping: 0.077041 ms MarkObjects: 1.937823 ms  DeleteObjects: 0.074501 ms)

========================================================================
Received Prepare
Registering precompiled user dll's ...
Registered in 0.000396 seconds.
Begin MonoManager ReloadAssembly
Native extension for OSXStandalone target not found
Native extension for WebGL target not found
Refreshing native plugins compatible for Editor in 0.23 ms, found 1 plugins.
Preloading 0 native plugins for Editor in 0.00 ms.
Mono: successfully reloaded assembly
- Completed reload, in  1.290 seconds
Platform modules already initialized, skipping
Refreshing native plugins compatible for Editor in 0.21 ms, found 1 plugins.
Preloading 0 native plugins for Editor in 0.00 ms.
Unloading 1111 Unused Serialized files (Serialized files now loaded: 0)
System memory in use before: 119.5 MB.
System memory in use after: 119.6 MB.

Unloading 5 unused Assets to reduce memory usage. Loaded Objects now: 1580.
Total: 2.471944 ms (FindLiveObjects: 0.241360 ms CreateObjectMapping: 0.062168 ms MarkObjects: 2.071430 ms  DeleteObjects: 0.092598 ms)

